This is pdfTeX, Version 3.14159265-2.6-1.40.20 (TeX Live 2019/Debian) (preloaded format=pdflatex 2022.4.23)  27 APR 2022 10:46
entering extended mode
 restricted \write18 enabled.
 %&-line parsing enabled.
**report.tex
(./report.tex
LaTeX2e <2020-02-02> patch level 2
L3 programming layer <2020-02-14>
(/usr/share/texlive/texmf-dist/tex/latex/base/report.cls
Document Class: report 2019/12/20 v1.4l Standard LaTeX document class
(/usr/share/texlive/texmf-dist/tex/latex/base/size10.clo
File: size10.clo 2019/12/20 v1.4l Standard LaTeX file (size option)
)
\c@part=\count167
\c@chapter=\count168
\c@section=\count169
\c@subsection=\count170
\c@subsubsection=\count171
\c@paragraph=\count172
\c@subparagraph=\count173
\c@figure=\count174
\c@table=\count175
\abovecaptionskip=\skip47
\belowcaptionskip=\skip48
\bibindent=\dimen134
)
(/usr/share/texlive/texmf-dist/tex/latex/amsmath/amsmath.sty
Package: amsmath 2020/01/20 v2.17e AMS math features
\@mathmargin=\skip49

For additional information on amsmath, use the `?' option.
(/usr/share/texlive/texmf-dist/tex/latex/amsmath/amstext.sty
Package: amstext 2000/06/29 v2.01 AMS text

(/usr/share/texlive/texmf-dist/tex/latex/amsmath/amsgen.sty
File: amsgen.sty 1999/11/30 v2.0 generic functions
\@emptytoks=\toks14
\ex@=\dimen135
))
(/usr/share/texlive/texmf-dist/tex/latex/amsmath/amsbsy.sty
Package: amsbsy 1999/11/29 v1.2d Bold Symbols
\pmbraise@=\dimen136
)
(/usr/share/texlive/texmf-dist/tex/latex/amsmath/amsopn.sty
Package: amsopn 2016/03/08 v2.02 operator names
)
\inf@bad=\count176
LaTeX Info: Redefining \frac on input line 227.
\uproot@=\count177
\leftroot@=\count178
LaTeX Info: Redefining \overline on input line 389.
\classnum@=\count179
\DOTSCASE@=\count180
LaTeX Info: Redefining \ldots on input line 486.
LaTeX Info: Redefining \dots on input line 489.
LaTeX Info: Redefining \cdots on input line 610.
\Mathstrutbox@=\box45
\strutbox@=\box46
\big@size=\dimen137
LaTeX Font Info:    Redeclaring font encoding OML on input line 733.
LaTeX Font Info:    Redeclaring font encoding OMS on input line 734.
\macc@depth=\count181
\c@MaxMatrixCols=\count182
\dotsspace@=\muskip16
\c@parentequation=\count183
\dspbrk@lvl=\count184
\tag@help=\toks15
\row@=\count185
\column@=\count186
\maxfields@=\count187
\andhelp@=\toks16
\eqnshift@=\dimen138
\alignsep@=\dimen139
\tagshift@=\dimen140
\tagwidth@=\dimen141
\totwidth@=\dimen142
\lineht@=\dimen143
\@envbody=\toks17
\multlinegap=\skip50
\multlinetaggap=\skip51
\mathdisplay@stack=\toks18
LaTeX Info: Redefining \[ on input line 2859.
LaTeX Info: Redefining \] on input line 2860.
)
(/usr/share/texlive/texmf-dist/tex/latex/amsfonts/amsfonts.sty
Package: amsfonts 2013/01/14 v3.01 Basic AMSFonts support
\symAMSa=\mathgroup4
\symAMSb=\mathgroup5
LaTeX Font Info:    Redeclaring math symbol \hbar on input line 98.
LaTeX Font Info:    Overwriting math alphabet `\mathfrak' in version `bold'
(Font)                  U/euf/m/n --> U/euf/b/n on input line 106.
)
(/usr/share/texlive/texmf-dist/tex/latex/amsfonts/amssymb.sty
Package: amssymb 2013/01/14 v3.01 AMS font symbols
)
(/usr/share/texlive/texmf-dist/tex/latex/base/makeidx.sty
Package: makeidx 2014/09/29 v1.0m Standard LaTeX package
)
(/usr/share/texlive/texmf-dist/tex/latex/graphics/graphicx.sty
Package: graphicx 2019/11/30 v1.2a Enhanced LaTeX Graphics (DPC,SPQR)

(/usr/share/texlive/texmf-dist/tex/latex/graphics/keyval.sty
Package: keyval 2014/10/28 v1.15 key=value parser (DPC)
\KV@toks@=\toks19
)
(/usr/share/texlive/texmf-dist/tex/latex/graphics/graphics.sty
Package: graphics 2019/11/30 v1.4a Standard LaTeX Graphics (DPC,SPQR)

(/usr/share/texlive/texmf-dist/tex/latex/graphics/trig.sty
Package: trig 2016/01/03 v1.10 sin cos tan (DPC)
)
(/usr/share/texlive/texmf-dist/tex/latex/graphics-cfg/graphics.cfg
File: graphics.cfg 2016/06/04 v1.11 sample graphics configuration
)
Package graphics Info: Driver file: pdftex.def on input line 105.

(/usr/share/texlive/texmf-dist/tex/latex/graphics-def/pdftex.def
File: pdftex.def 2018/01/08 v1.0l Graphics/color driver for pdftex
))
\Gin@req@height=\dimen144
\Gin@req@width=\dimen145
)
(/usr/share/texmf/tex/latex/lm/lmodern.sty
Package: lmodern 2009/10/30 v1.6 Latin Modern Fonts
LaTeX Font Info:    Overwriting symbol font `operators' in version `normal'
(Font)                  OT1/cmr/m/n --> OT1/lmr/m/n on input line 22.
LaTeX Font Info:    Overwriting symbol font `letters' in version `normal'
(Font)                  OML/cmm/m/it --> OML/lmm/m/it on input line 23.
LaTeX Font Info:    Overwriting symbol font `symbols' in version `normal'
(Font)                  OMS/cmsy/m/n --> OMS/lmsy/m/n on input line 24.
LaTeX Font Info:    Overwriting symbol font `largesymbols' in version `normal'
(Font)                  OMX/cmex/m/n --> OMX/lmex/m/n on input line 25.
LaTeX Font Info:    Overwriting symbol font `operators' in version `bold'
(Font)                  OT1/cmr/bx/n --> OT1/lmr/bx/n on input line 26.
LaTeX Font Info:    Overwriting symbol font `letters' in version `bold'
(Font)                  OML/cmm/b/it --> OML/lmm/b/it on input line 27.
LaTeX Font Info:    Overwriting symbol font `symbols' in version `bold'
(Font)                  OMS/cmsy/b/n --> OMS/lmsy/b/n on input line 28.
LaTeX Font Info:    Overwriting symbol font `largesymbols' in version `bold'
(Font)                  OMX/cmex/m/n --> OMX/lmex/m/n on input line 29.
LaTeX Font Info:    Overwriting math alphabet `\mathbf' in version `normal'
(Font)                  OT1/cmr/bx/n --> OT1/lmr/bx/n on input line 31.
LaTeX Font Info:    Overwriting math alphabet `\mathsf' in version `normal'
(Font)                  OT1/cmss/m/n --> OT1/lmss/m/n on input line 32.
LaTeX Font Info:    Overwriting math alphabet `\mathit' in version `normal'
(Font)                  OT1/cmr/m/it --> OT1/lmr/m/it on input line 33.
LaTeX Font Info:    Overwriting math alphabet `\mathtt' in version `normal'
(Font)                  OT1/cmtt/m/n --> OT1/lmtt/m/n on input line 34.
LaTeX Font Info:    Overwriting math alphabet `\mathbf' in version `bold'
(Font)                  OT1/cmr/bx/n --> OT1/lmr/bx/n on input line 35.
LaTeX Font Info:    Overwriting math alphabet `\mathsf' in version `bold'
(Font)                  OT1/cmss/bx/n --> OT1/lmss/bx/n on input line 36.
LaTeX Font Info:    Overwriting math alphabet `\mathit' in version `bold'
(Font)                  OT1/cmr/bx/it --> OT1/lmr/bx/it on input line 37.
LaTeX Font Info:    Overwriting math alphabet `\mathtt' in version `bold'
(Font)                  OT1/cmtt/m/n --> OT1/lmtt/m/n on input line 38.
)
(/usr/share/texlive/texmf-dist/tex/latex/graphics/color.sty
Package: color 2019/11/23 v1.2a Standard LaTeX Color (DPC)

(/usr/share/texlive/texmf-dist/tex/latex/graphics-cfg/color.cfg
File: color.cfg 2016/01/02 v1.6 sample color configuration
)
Package color Info: Driver file: pdftex.def on input line 147.
)
(/usr/share/texlive/texmf-dist/tex/latex/tools/tabularx.sty
Package: tabularx 2020/01/15 v2.11c `tabularx' package (DPC)

(/usr/share/texlive/texmf-dist/tex/latex/tools/array.sty
Package: array 2019/08/31 v2.4l Tabular extension package (FMi)
\col@sep=\dimen146
\ar@mcellbox=\box47
\extrarowheight=\dimen147
\NC@list=\toks20
\extratabsurround=\skip52
\backup@length=\skip53
\ar@cellbox=\box48
)
\TX@col@width=\dimen148
\TX@old@table=\dimen149
\TX@old@col=\dimen150
\TX@target=\dimen151
\TX@delta=\dimen152
\TX@cols=\count188
\TX@ftn=\toks21
)
(/usr/share/texlive/texmf-dist/tex/latex/hyperref/hyperref.sty
Package: hyperref 2020/01/14 v7.00d Hypertext links for LaTeX

(/usr/share/texlive/texmf-dist/tex/generic/ltxcmds/ltxcmds.sty
Package: ltxcmds 2019/12/15 v1.24 LaTeX kernel commands for general use (HO)
)
(/usr/share/texlive/texmf-dist/tex/generic/iftex/iftex.sty
Package: iftex 2019/11/07 v1.0c TeX engine tests
)
(/usr/share/texlive/texmf-dist/tex/latex/pdftexcmds/pdftexcmds.sty
Package: pdftexcmds 2019/11/24 v0.31 Utility functions of pdfTeX for LuaTeX (HO
)

(/usr/share/texlive/texmf-dist/tex/generic/infwarerr/infwarerr.sty
Package: infwarerr 2019/12/03 v1.5 Providing info/warning/error messages (HO)
)
Package pdftexcmds Info: \pdf@primitive is available.
Package pdftexcmds Info: \pdf@ifprimitive is available.
Package pdftexcmds Info: \pdfdraftmode found.
)
(/usr/share/texlive/texmf-dist/tex/generic/kvsetkeys/kvsetkeys.sty
Package: kvsetkeys 2019/12/15 v1.18 Key value parser (HO)
)
(/usr/share/texlive/texmf-dist/tex/generic/kvdefinekeys/kvdefinekeys.sty
Package: kvdefinekeys 2019-12-19 v1.6 Define keys (HO)
)
(/usr/share/texlive/texmf-dist/tex/generic/pdfescape/pdfescape.sty
Package: pdfescape 2019/12/09 v1.15 Implements pdfTeX's escape features (HO)
)
(/usr/share/texlive/texmf-dist/tex/latex/hycolor/hycolor.sty
Package: hycolor 2020-01-27 v1.10 Color options for hyperref/bookmark (HO)
)
(/usr/share/texlive/texmf-dist/tex/latex/letltxmacro/letltxmacro.sty
Package: letltxmacro 2019/12/03 v1.6 Let assignment for LaTeX macros (HO)
)
(/usr/share/texlive/texmf-dist/tex/latex/auxhook/auxhook.sty
Package: auxhook 2019-12-17 v1.6 Hooks for auxiliary files (HO)
)
(/usr/share/texlive/texmf-dist/tex/latex/kvoptions/kvoptions.sty
Package: kvoptions 2019/11/29 v3.13 Key value format for package options (HO)
)
\@linkdim=\dimen153
\Hy@linkcounter=\count189
\Hy@pagecounter=\count190

(/usr/share/texlive/texmf-dist/tex/latex/hyperref/pd1enc.def
File: pd1enc.def 2020/01/14 v7.00d Hyperref: PDFDocEncoding definition (HO)
Now handling font encoding PD1 ...
... no UTF-8 mapping file for font encoding PD1
)
(/usr/share/texlive/texmf-dist/tex/generic/intcalc/intcalc.sty
Package: intcalc 2019/12/15 v1.3 Expandable calculations with integers (HO)
)
(/usr/share/texlive/texmf-dist/tex/generic/etexcmds/etexcmds.sty
Package: etexcmds 2019/12/15 v1.7 Avoid name clashes with e-TeX commands (HO)
)
\Hy@SavedSpaceFactor=\count191
\pdfmajorversion=\count192
Package hyperref Info: Hyper figures OFF on input line 4547.
Package hyperref Info: Link nesting OFF on input line 4552.
Package hyperref Info: Hyper index ON on input line 4555.
Package hyperref Info: Plain pages OFF on input line 4562.
Package hyperref Info: Backreferencing OFF on input line 4567.
Package hyperref Info: Implicit mode ON; LaTeX internals redefined.
Package hyperref Info: Bookmarks ON on input line 4800.
\c@Hy@tempcnt=\count193

(/usr/share/texlive/texmf-dist/tex/latex/url/url.sty
\Urlmuskip=\muskip17
Package: url 2013/09/16  ver 3.4  Verb mode for urls, etc.
)
LaTeX Info: Redefining \url on input line 5159.
\XeTeXLinkMargin=\dimen154

(/usr/share/texlive/texmf-dist/tex/generic/bitset/bitset.sty
Package: bitset 2019/12/09 v1.3 Handle bit-vector datatype (HO)

(/usr/share/texlive/texmf-dist/tex/generic/bigintcalc/bigintcalc.sty
Package: bigintcalc 2019/12/15 v1.5 Expandable calculations on big integers (HO
)
))
\Fld@menulength=\count194
\Field@Width=\dimen155
\Fld@charsize=\dimen156
Package hyperref Info: Hyper figures OFF on input line 6430.
Package hyperref Info: Link nesting OFF on input line 6435.
Package hyperref Info: Hyper index ON on input line 6438.
Package hyperref Info: backreferencing OFF on input line 6445.
Package hyperref Info: Link coloring OFF on input line 6450.
Package hyperref Info: Link coloring with OCG OFF on input line 6455.
Package hyperref Info: PDF/A mode OFF on input line 6460.
LaTeX Info: Redefining \ref on input line 6500.
LaTeX Info: Redefining \pageref on input line 6504.

(/usr/share/texlive/texmf-dist/tex/generic/atbegshi/atbegshi.sty
Package: atbegshi 2019/12/05 v1.19 At begin shipout hook (HO)
)
\Hy@abspage=\count195
\c@Item=\count196
\c@Hfootnote=\count197
)
Package hyperref Info: Driver (autodetected): hpdftex.

(/usr/share/texlive/texmf-dist/tex/latex/hyperref/hpdftex.def
File: hpdftex.def 2020/01/14 v7.00d Hyperref driver for pdfTeX

(/usr/share/texlive/texmf-dist/tex/latex/atveryend/atveryend.sty
Package: atveryend 2019-12-11 v1.11 Hooks at the very end of document (HO)
Package atveryend Info: \enddocument detected (standard20110627).
)
\Fld@listcount=\count198
\c@bookmark@seq@number=\count199

(/usr/share/texlive/texmf-dist/tex/latex/rerunfilecheck/rerunfilecheck.sty
Package: rerunfilecheck 2019/12/05 v1.9 Rerun checks for auxiliary files (HO)

(/usr/share/texlive/texmf-dist/tex/generic/uniquecounter/uniquecounter.sty
Package: uniquecounter 2019/12/15 v1.4 Provide unlimited unique counter (HO)
)
Package uniquecounter Info: New unique counter `rerunfilecheck' on input line 2
86.
)
\Hy@SectionHShift=\skip54
)
(/usr/share/texlive/texmf-dist/tex/latex/fancyhdr/fancyhdr.sty
Package: fancyhdr 2019/01/31 v3.10 Extensive control of page headers and footer
s
\f@nch@headwidth=\skip55
\f@nch@O@elh=\skip56
\f@nch@O@erh=\skip57
\f@nch@O@olh=\skip58
\f@nch@O@orh=\skip59
\f@nch@O@elf=\skip60
\f@nch@O@erf=\skip61
\f@nch@O@olf=\skip62
\f@nch@O@orf=\skip63
)
(/usr/share/texlive/texmf-dist/tex/latex/multirow/multirow.sty
Package: multirow 2019/05/31 v2.5 Span multiple rows of a table
\multirow@colwidth=\skip64
\multirow@cntb=\count266
\multirow@dima=\skip65
\bigstrutjot=\dimen157
)
(/usr/share/texlive/texmf-dist/tex/latex/pdfpages/pdfpages.sty
Package: pdfpages 2020/01/28 v0.5q Insert pages of external PDF documents (AM)

(/usr/share/texlive/texmf-dist/tex/latex/base/ifthen.sty
Package: ifthen 2014/09/29 v1.1c Standard LaTeX ifthen package (DPC)
)
(/usr/share/texlive/texmf-dist/tex/latex/tools/calc.sty
Package: calc 2017/05/25 v4.3 Infix arithmetic (KKT,FJ)
\calc@Acount=\count267
\calc@Bcount=\count268
\calc@Adimen=\dimen158
\calc@Bdimen=\dimen159
\calc@Askip=\skip66
\calc@Bskip=\skip67
LaTeX Info: Redefining \setlength on input line 80.
LaTeX Info: Redefining \addtolength on input line 81.
\calc@Ccount=\count269
\calc@Cskip=\skip68
)
(/usr/share/texlive/texmf-dist/tex/latex/eso-pic/eso-pic.sty
Package: eso-pic 2018/04/12 v2.0h eso-pic (RN)
)
\AM@pagewidth=\dimen160
\AM@pageheight=\dimen161

(/usr/share/texlive/texmf-dist/tex/latex/pdfpages/pppdftex.def
File: pppdftex.def 2020/01/28 v0.5q Pdfpages driver for pdfTeX (AM)
)
\AM@pagebox=\box49
\AM@global@opts=\toks22
\AM@pagecnt=\count270
\AM@toc@title=\toks23
\c@AM@survey=\count271
\AM@templatesizebox=\box50
)
(/usr/share/texlive/texmf-dist/tex/latex/geometry/geometry.sty
Package: geometry 2020/01/02 v5.9 Page Geometry

(/usr/share/texlive/texmf-dist/tex/generic/iftex/ifvtex.sty
Package: ifvtex 2019/10/25 v1.7 ifvtex legacy package. Use iftex instead.
)
\Gm@cnth=\count272
\Gm@cntv=\count273
\c@Gm@tempcnt=\count274
\Gm@bindingoffset=\dimen162
\Gm@wd@mp=\dimen163
\Gm@odd@mp=\dimen164
\Gm@even@mp=\dimen165
\Gm@layoutwidth=\dimen166
\Gm@layoutheight=\dimen167
\Gm@layouthoffset=\dimen168
\Gm@layoutvoffset=\dimen169
\Gm@dimlist=\toks24
)
\PageFrameTopMargin=\skip69
\PageFrameBottomMargin=\skip70
\PageFrameLeftMargin=\skip71
\PageFrameRightMargin=\skip72
\Page@FrameHeight=\skip73
\Page@FrameWidth=\skip74

(/usr/share/texlive/texmf-dist/tex/latex/l3backend/l3backend-pdfmode.def
File: l3backend-pdfmode.def 2020-02-03 L3 backend support: PDF mode
\l__kernel_color_stack_int=\count275
\l__pdf_internal_box=\box51
)

LaTeX Warning: Unused global option(s):
    [15pt].

(./report.aux)
\openout1 = `report.aux'.

LaTeX Font Info:    Checking defaults for OML/cmm/m/it on input line 48.
LaTeX Font Info:    ... okay on input line 48.
LaTeX Font Info:    Checking defaults for OMS/cmsy/m/n on input line 48.
LaTeX Font Info:    ... okay on input line 48.
LaTeX Font Info:    Checking defaults for OT1/cmr/m/n on input line 48.
LaTeX Font Info:    ... okay on input line 48.
LaTeX Font Info:    Checking defaults for T1/cmr/m/n on input line 48.
LaTeX Font Info:    ... okay on input line 48.
LaTeX Font Info:    Checking defaults for TS1/cmr/m/n on input line 48.
LaTeX Font Info:    ... okay on input line 48.
LaTeX Font Info:    Checking defaults for OMX/cmex/m/n on input line 48.
LaTeX Font Info:    ... okay on input line 48.
LaTeX Font Info:    Checking defaults for U/cmr/m/n on input line 48.
LaTeX Font Info:    ... okay on input line 48.
LaTeX Font Info:    Checking defaults for PD1/pdf/m/n on input line 48.
LaTeX Font Info:    ... okay on input line 48.
LaTeX Font Info:    Trying to load font information for OT1+lmr on input line 4
8.
 (/usr/share/texmf/tex/latex/lm/ot1lmr.fd
File: ot1lmr.fd 2009/10/30 v1.6 Font defs for Latin Modern
)
(/usr/share/texlive/texmf-dist/tex/context/base/mkii/supp-pdf.mkii
[Loading MPS to PDF converter (version 2006.09.02).]
\scratchcounter=\count276
\scratchdimen=\dimen170
\scratchbox=\box52
\nofMPsegments=\count277
\nofMParguments=\count278
\everyMPshowfont=\toks25
\MPscratchCnt=\count279
\MPscratchDim=\dimen171
\MPnumerator=\count280
\makeMPintoPDFobject=\count281
\everyMPtoPDFconversion=\toks26
) (/usr/share/texlive/texmf-dist/tex/latex/epstopdf-pkg/epstopdf-base.sty
Package: epstopdf-base 2020-01-24 v2.11 Base part for package epstopdf
Package epstopdf-base Info: Redefining graphics rule for `.eps' on input line 4
85.

(/usr/share/texlive/texmf-dist/tex/latex/latexconfig/epstopdf-sys.cfg
File: epstopdf-sys.cfg 2010/07/13 v1.3 Configuration of (r)epstopdf for TeX Liv
e
))
\AtBeginShipoutBox=\box53
Package hyperref Info: Link coloring OFF on input line 48.

(/usr/share/texlive/texmf-dist/tex/latex/hyperref/nameref.sty
Package: nameref 2019/09/16 v2.46 Cross-referencing by name of section

(/usr/share/texlive/texmf-dist/tex/latex/refcount/refcount.sty
Package: refcount 2019/12/15 v3.6 Data extraction from label references (HO)
)
(/usr/share/texlive/texmf-dist/tex/generic/gettitlestring/gettitlestring.sty
Package: gettitlestring 2019/12/15 v1.6 Cleanup title references (HO)
)
\c@section@level=\count282
)
LaTeX Info: Redefining \ref on input line 48.
LaTeX Info: Redefining \pageref on input line 48.
LaTeX Info: Redefining \nameref on input line 48.

(./report.out) (./report.out)
\@outlinefile=\write3
\openout3 = `report.out'.


(/usr/share/texlive/texmf-dist/tex/latex/pdflscape/pdflscape.sty
Package: pdflscape 2019/12/05 v0.12 Display of landscape pages in PDF (HO)

(/usr/share/texlive/texmf-dist/tex/latex/graphics/lscape.sty
Package: lscape 2000/10/22 v3.01 Landscape Pages (DPC)
)
Package pdflscape Info: Auto-detected driver: pdftex on input line 81.
)
*geometry* driver: auto-detecting
*geometry* detected driver: pdftex
*geometry* verbose mode - [ preamble ] result:
* driver: pdftex
* paper: a4paper
* layout: <same size as paper>
* layoutoffset:(h,v)=(0.0pt,0.0pt)
* modes: 
* h-part:(L,W,R)=(60.0pt, 477.50787pt, 60.0pt)
* v-part:(T,H,B)=(80.0pt, 685.04684pt, 80.0pt)
* \paperwidth=597.50787pt
* \paperheight=845.04684pt
* \textwidth=477.50787pt
* \textheight=685.04684pt
* \oddsidemargin=-12.26999pt
* \evensidemargin=-12.26999pt
* \topmargin=-29.26999pt
* \headheight=12.0pt
* \headsep=25.0pt
* \topskip=10.0pt
* \footskip=30.0pt
* \marginparwidth=57.0pt
* \marginparsep=11.0pt
* \columnsep=10.0pt
* \skip\footins=9.0pt plus 4.0pt minus 2.0pt
* \hoffset=0.0pt
* \voffset=0.0pt
* \mag=1000
* \@twocolumnfalse
* \@twosidefalse
* \@mparswitchfalse
* \@reversemarginfalse
* (1in=72.27pt=25.4mm, 1cm=28.453pt)

(./report.toc
LaTeX Font Info:    Trying to load font information for OML+lmm on input line 2
.
 (/usr/share/texmf/tex/latex/lm/omllmm.fd
File: omllmm.fd 2009/10/30 v1.6 Font defs for Latin Modern
)
LaTeX Font Info:    Trying to load font information for OMS+lmsy on input line 
2.

(/usr/share/texmf/tex/latex/lm/omslmsy.fd
File: omslmsy.fd 2009/10/30 v1.6 Font defs for Latin Modern
)
LaTeX Font Info:    Trying to load font information for OMX+lmex on input line 
2.

(/usr/share/texmf/tex/latex/lm/omxlmex.fd
File: omxlmex.fd 2009/10/30 v1.6 Font defs for Latin Modern
)
LaTeX Font Info:    External font `lmex10' loaded for size
(Font)              <10> on input line 2.
LaTeX Font Info:    External font `lmex10' loaded for size
(Font)              <7> on input line 2.
LaTeX Font Info:    External font `lmex10' loaded for size
(Font)              <5> on input line 2.
LaTeX Font Info:    Trying to load font information for U+msa on input line 2.

(/usr/share/texlive/texmf-dist/tex/latex/amsfonts/umsa.fd
File: umsa.fd 2013/01/14 v3.01 AMS symbols A
)
LaTeX Font Info:    Trying to load font information for U+msb on input line 2.

(/usr/share/texlive/texmf-dist/tex/latex/amsfonts/umsb.fd
File: umsb.fd 2013/01/14 v3.01 AMS symbols B
) [1


{/var/lib/texmf/fonts/map/pdftex/updmap/pdftex.map}])
\tf@toc=\write4
\openout4 = `report.toc'.

 [2] (./report.lof)
\tf@lof=\write5
\openout5 = `report.lof'.

 [3

]
*geometry* verbose mode - [ newgeometry ] result:
* driver: pdftex
* paper: a4paper
* layout: <same size as paper>
* layoutoffset:(h,v)=(0.0pt,0.0pt)
* modes: 
* h-part:(L,W,R)=(50.0pt, 497.50787pt, 50.0pt)
* v-part:(T,H,B)=(370.0pt, 415.04684pt, 60.0pt)
* \paperwidth=597.50787pt
* \paperheight=845.04684pt
* \textwidth=497.50787pt
* \textheight=415.04684pt
* \oddsidemargin=-22.26999pt
* \evensidemargin=-22.26999pt
* \topmargin=260.73001pt
* \headheight=12.0pt
* \headsep=25.0pt
* \topskip=10.0pt
* \footskip=30.0pt
* \marginparwidth=57.0pt
* \marginparsep=11.0pt
* \columnsep=10.0pt
* \skip\footins=9.0pt plus 4.0pt minus 2.0pt
* \hoffset=0.0pt
* \voffset=0.0pt
* \mag=1000
* \@twocolumnfalse
* \@twosidefalse
* \@mparswitchfalse
* \@reversemarginfalse
* (1in=72.27pt=25.4mm, 1cm=28.453pt)

LaTeX Font Info:    External font `lmex10' loaded for size
(Font)              <17.28> on input line 71.
LaTeX Font Info:    External font `lmex10' loaded for size
(Font)              <12> on input line 71.
 [1

]
Chapter 1.
[2


] [3] [4]
*geometry* verbose mode - [ newgeometry ] result:
* driver: pdftex
* paper: a4paper
* layout: <same size as paper>
* layoutoffset:(h,v)=(0.0pt,0.0pt)
* modes: 
* h-part:(L,W,R)=(50.0pt, 497.50787pt, 50.0pt)
* v-part:(T,H,B)=(370.0pt, 415.04684pt, 60.0pt)
* \paperwidth=597.50787pt
* \paperheight=845.04684pt
* \textwidth=497.50787pt
* \textheight=415.04684pt
* \oddsidemargin=-22.26999pt
* \evensidemargin=-22.26999pt
* \topmargin=260.73001pt
* \headheight=12.0pt
* \headsep=25.0pt
* \topskip=10.0pt
* \footskip=30.0pt
* \marginparwidth=57.0pt
* \marginparsep=11.0pt
* \columnsep=10.0pt
* \skip\footins=9.0pt plus 4.0pt minus 2.0pt
* \hoffset=0.0pt
* \voffset=0.0pt
* \mag=1000
* \@twocolumnfalse
* \@twosidefalse
* \@mparswitchfalse
* \@reversemarginfalse
* (1in=72.27pt=25.4mm, 1cm=28.453pt)

 [5

]
Chapter 2.
<Block_Diagram.jpg, id=358, 710.655pt x 373.395pt>
File: Block_Diagram.jpg Graphic file (type jpg)
<use Block_Diagram.jpg>
Package pdftex.def Info: Block_Diagram.jpg  used on input line 196.
(pdftex.def)             Requested size: 355.32663pt x 186.69704pt.
[6


 <./Block_Diagram.jpg>]
<Circuit1.jpg, id=365, 733.74126pt x 347.2975pt>
File: Circuit1.jpg Graphic file (type jpg)
<use Circuit1.jpg>
Package pdftex.def Info: Circuit1.jpg  used on input line 222.
(pdftex.def)             Requested size: 366.86974pt x 173.64832pt.
 [7 <./Circuit1.jpg>]
*geometry* verbose mode - [ newgeometry ] result:
* driver: pdftex
* paper: a4paper
* layout: <same size as paper>
* layoutoffset:(h,v)=(0.0pt,0.0pt)
* modes: 
* h-part:(L,W,R)=(50.0pt, 497.50787pt, 50.0pt)
* v-part:(T,H,B)=(370.0pt, 415.04684pt, 60.0pt)
* \paperwidth=597.50787pt
* \paperheight=845.04684pt
* \textwidth=497.50787pt
* \textheight=415.04684pt
* \oddsidemargin=-22.26999pt
* \evensidemargin=-22.26999pt
* \topmargin=260.73001pt
* \headheight=12.0pt
* \headsep=25.0pt
* \topskip=10.0pt
* \footskip=30.0pt
* \marginparwidth=57.0pt
* \marginparsep=11.0pt
* \columnsep=10.0pt
* \skip\footins=9.0pt plus 4.0pt minus 2.0pt
* \hoffset=0.0pt
* \voffset=0.0pt
* \mag=1000
* \@twocolumnfalse
* \@twosidefalse
* \@mparswitchfalse
* \@reversemarginfalse
* (1in=72.27pt=25.4mm, 1cm=28.453pt)

 [8

]
Chapter 3.
<ESP8266.jpg, id=377, 379.4175pt x 301.125pt>
File: ESP8266.jpg Graphic file (type jpg)
<use ESP8266.jpg>
Package pdftex.def Info: ESP8266.jpg  used on input line 243.
(pdftex.def)             Requested size: 189.70828pt x 150.56212pt.
[9


 <./ESP8266.jpg>]
<ESP8266_1.jpg, id=384, 105.996pt x 111.7776pt>
File: ESP8266_1.jpg Graphic file (type jpg)
<use ESP8266_1.jpg>
Package pdftex.def Info: ESP8266_1.jpg  used on input line 295.
(pdftex.def)             Requested size: 52.99786pt x 55.88866pt.
<ESP_variants.jpg, id=385, 888.31876pt x 335.2525pt>
File: ESP_variants.jpg Graphic file (type jpg)
<use ESP_variants.jpg>
Package pdftex.def Info: ESP_variants.jpg  used on input line 300.
(pdftex.def)             Requested size: 399.73975pt x 150.86223pt.
<DAT-400.jpg, id=386, 429.605pt x 328.22626pt>
File: DAT-400.jpg Graphic file (type jpg)
<use DAT-400.jpg>
Package pdftex.def Info: DAT-400.jpg  used on input line 313.
(pdftex.def)             Requested size: 214.80197pt x 164.11272pt.
 [10 <./ESP8266_1.jpg> <./ESP_variants.jpg>]
<Connections_of_DAT-400.jpg, id=394, 869.2475pt x 463.7325pt>
File: Connections_of_DAT-400.jpg Graphic file (type jpg)
<use Connections_of_DAT-400.jpg>
Package pdftex.def Info: Connections_of_DAT-400.jpg  used on input line 344.
(pdftex.def)             Requested size: 391.15776pt x 208.67769pt.
 [11 <./DAT-400.jpg> <./Connections_of_DAT-400.jpg>]
<Frame_Format.jpg, id=401, 521.95pt x 70.2625pt>
File: Frame_Format.jpg Graphic file (type jpg)
<use Frame_Format.jpg>
Package pdftex.def Info: Frame_Format.jpg  used on input line 351.
(pdftex.def)             Requested size: 391.46153pt x 52.69673pt.
<Frequency.jpg, id=402, 608.2725pt x 434.62375pt>
File: Frequency.jpg Graphic file (type jpg)
<use Frequency.jpg>
Package pdftex.def Info: Frequency.jpg  used on input line 411.
(pdftex.def)             Requested size: 152.06775pt x 108.65567pt.
 [12 <./Frame_Format.jpg> <./Frequency.jpg>]
<RS232.jpg, id=409, 246.9225pt x 242.9075pt>
File: RS232.jpg Graphic file (type jpg)
<use RS232.jpg>
Package pdftex.def Info: RS232.jpg  used on input line 420.
(pdftex.def)             Requested size: 185.1914pt x 182.18016pt.
<RS485.jpg, id=410, 288.07625pt x 223.83624pt>
File: RS485.jpg Graphic file (type jpg)
<use RS485.jpg>
Package pdftex.def Info: RS485.jpg  used on input line 438.
(pdftex.def)             Requested size: 216.05664pt x 167.87677pt.
<Front_panel.jpg, id=411, 405.515pt x 180.675pt>
File: Front_panel.jpg Graphic file (type jpg)
<use Front_panel.jpg>
Package pdftex.def Info: Front_panel.jpg  used on input line 453.
(pdftex.def)             Requested size: 202.75699pt x 90.33727pt.
 [13 <./RS232.jpg> <./RS485.jpg>]
<Functions.jpg, id=418, 837.1275pt x 461.725pt>
File: Functions.jpg Graphic file (type jpg)
<use Functions.jpg>
Package pdftex.def Info: Functions.jpg  used on input line 483.
(pdftex.def)             Requested size: 376.70389pt x 207.77432pt.
 [14 <./Front_panel.jpg> <./Functions.jpg>]
[15]
*geometry* verbose mode - [ newgeometry ] result:
* driver: pdftex
* paper: a4paper
* layout: <same size as paper>
* layoutoffset:(h,v)=(0.0pt,0.0pt)
* modes: 
* h-part:(L,W,R)=(50.0pt, 497.50787pt, 50.0pt)
* v-part:(T,H,B)=(370.0pt, 415.04684pt, 60.0pt)
* \paperwidth=597.50787pt
* \paperheight=845.04684pt
* \textwidth=497.50787pt
* \textheight=415.04684pt
* \oddsidemargin=-22.26999pt
* \evensidemargin=-22.26999pt
* \topmargin=260.73001pt
* \headheight=12.0pt
* \headsep=25.0pt
* \topskip=10.0pt
* \footskip=30.0pt
* \marginparwidth=57.0pt
* \marginparsep=11.0pt
* \columnsep=10.0pt
* \skip\footins=9.0pt plus 4.0pt minus 2.0pt
* \hoffset=0.0pt
* \voffset=0.0pt
* \mag=1000
* \@twocolumnfalse
* \@twosidefalse
* \@mparswitchfalse
* \@reversemarginfalse
* (1in=72.27pt=25.4mm, 1cm=28.453pt)

 [16

]
Chapter 4.
<Arduino_IDE.jpg, id=435, 739.76375pt x 569.12625pt>
File: Arduino_IDE.jpg Graphic file (type jpg)
<use Arduino_IDE.jpg>
Package pdftex.def Info: Arduino_IDE.jpg  used on input line 508.
(pdftex.def)             Requested size: 369.88097pt x 284.56242pt.
[17


 <./Arduino_IDE.jpg>]
<Google_App_Script.jpg, id=442, 665.48625pt x 558.085pt>
File: Google_App_Script.jpg Graphic file (type jpg)
<use Google_App_Script.jpg>
Package pdftex.def Info: Google_App_Script.jpg  used on input line 525.
(pdftex.def)             Requested size: 332.74231pt x 279.04182pt.
 [18 <./Google_App_Script.jpg>]
<MITAppinventor.jpg, id=450, 1371.1225pt x 743.77875pt>
File: MITAppinventor.jpg Graphic file (type jpg)
<use MITAppinventor.jpg>
Package pdftex.def Info: MITAppinventor.jpg  used on input line 570.
(pdftex.def)             Requested size: 342.77979pt x 185.94423pt.
 [19] [20 <./MITAppinventor.jpg>]
*geometry* verbose mode - [ newgeometry ] result:
* driver: pdftex
* paper: a4paper
* layout: <same size as paper>
* layoutoffset:(h,v)=(0.0pt,0.0pt)
* modes: 
* h-part:(L,W,R)=(50.0pt, 497.50787pt, 50.0pt)
* v-part:(T,H,B)=(370.0pt, 415.04684pt, 60.0pt)
* \paperwidth=597.50787pt
* \paperheight=845.04684pt
* \textwidth=497.50787pt
* \textheight=415.04684pt
* \oddsidemargin=-22.26999pt
* \evensidemargin=-22.26999pt
* \topmargin=260.73001pt
* \headheight=12.0pt
* \headsep=25.0pt
* \topskip=10.0pt
* \footskip=30.0pt
* \marginparwidth=57.0pt
* \marginparsep=11.0pt
* \columnsep=10.0pt
* \skip\footins=9.0pt plus 4.0pt minus 2.0pt
* \hoffset=0.0pt
* \voffset=0.0pt
* \mag=1000
* \@twocolumnfalse
* \@twosidefalse
* \@mparswitchfalse
* \@reversemarginfalse
* (1in=72.27pt=25.4mm, 1cm=28.453pt)

 [21

]
Chapter 5.
<Initialization_part.jpg, id=468, 928.46875pt x 375.4025pt>
File: Initialization_part.jpg Graphic file (type jpg)
<use Initialization_part.jpg>
Package pdftex.def Info: Initialization_part.jpg  used on input line 591.
(pdftex.def)             Requested size: 464.23325pt x 187.70079pt.
[22


 <./Initialization_part.jpg>]
<Setup_part.jpg, id=475, 927.465pt x 402.50375pt>
File: Setup_part.jpg Graphic file (type jpg)
<use Setup_part.jpg>
Package pdftex.def Info: Setup_part.jpg  used on input line 602.
(pdftex.def)             Requested size: 463.73137pt x 201.25137pt.
<Setup_2.jpg, id=476, 516.93124pt x 250.9375pt>
File: Setup_2.jpg Graphic file (type jpg)
<use Setup_2.jpg>
Package pdftex.def Info: Setup_2.jpg  used on input line 611.
(pdftex.def)             Requested size: 258.46498pt x 125.46843pt.
 [23 <./Setup_part.jpg> <./Setup_2.jpg>]
<Loop_part.jpg, id=483, 663.47874pt x 372.39125pt>
File: Loop_part.jpg Graphic file (type jpg)
<use Loop_part.jpg>
Package pdftex.def Info: Loop_part.jpg  used on input line 622.
(pdftex.def)             Requested size: 331.73856pt x 186.19516pt.
<GoogleSheets_Init_part.jpg, id=484, 592.2125pt x 323.2075pt>
File: GoogleSheets_Init_part.jpg Graphic file (type jpg)
<use GoogleSheets_Init_part.jpg>
Package pdftex.def Info: GoogleSheets_Init_part.jpg  used on input line 631.
(pdftex.def)             Requested size: 296.10551pt x 161.60335pt.

[24 <./Loop_part.jpg> <./GoogleSheets_Init_part.jpg>]
<GoogleSheets_Data_upload_part.jpg, id=491, 741.77126pt x 429.605pt>
File: GoogleSheets_Data_upload_part.jpg Graphic file (type jpg)
<use GoogleSheets_Data_upload_part.jpg>
Package pdftex.def Info: GoogleSheets_Data_upload_part.jpg  used on input line 
642.
(pdftex.def)             Requested size: 370.88472pt x 214.80197pt.
 [25 <./GoogleSheets_Data_upload_part.jpg>]
<GSheet_Code_init.jpg, id=497, 742.775pt x 512.91624pt>
File: GSheet_Code_init.jpg Graphic file (type jpg)
<use GSheet_Code_init.jpg>
Package pdftex.def Info: GSheet_Code_init.jpg  used on input line 655.
(pdftex.def)             Requested size: 371.38658pt x 256.45749pt.
 [26 <./GSheet_Code_init.jpg>]
<Read_all_Code.jpg, id=503, 514.92375pt x 422.57875pt>
File: Read_all_Code.jpg Graphic file (type jpg)
<use Read_all_Code.jpg>
Package pdftex.def Info: Read_all_Code.jpg  used on input line 665.
(pdftex.def)             Requested size: 257.46124pt x 211.28885pt.
<Appinventor_init.jpg, id=504, 780.9175pt x 286.06876pt>
File: Appinventor_init.jpg Graphic file (type jpg)
<use Appinventor_init.jpg>
Package pdftex.def Info: Appinventor_init.jpg  used on input line 675.
(pdftex.def)             Requested size: 390.4578pt x 143.03403pt.
 [27 <./Read_all_Code.jpg> <./Appinventor_init.jpg>]
<Appinventor_Receive.jpg, id=511, 696.6025pt x 393.47pt>
File: Appinventor_Receive.jpg Graphic file (type jpg)
<use Appinventor_Receive.jpg>
Package pdftex.def Info: Appinventor_Receive.jpg  used on input line 686.
(pdftex.def)             Requested size: 348.3004pt x 196.73451pt.
<Read_all.jpg, id=512, 536.0025pt x 139.52126pt>
File: Read_all.jpg Graphic file (type jpg)
<use Read_all.jpg>
Package pdftex.def Info: Read_all.jpg  used on input line 695.
(pdftex.def)             Requested size: 268.0006pt x 69.76045pt.
 [28 <./Appinventor_Receive.jpg> <./Read_all.jpg>]
*geometry* verbose mode - [ newgeometry ] result:
* driver: pdftex
* paper: a4paper
* layout: <same size as paper>
* layoutoffset:(h,v)=(0.0pt,0.0pt)
* modes: 
* h-part:(L,W,R)=(50.0pt, 497.50787pt, 50.0pt)
* v-part:(T,H,B)=(370.0pt, 415.04684pt, 60.0pt)
* \paperwidth=597.50787pt
* \paperheight=845.04684pt
* \textwidth=497.50787pt
* \textheight=415.04684pt
* \oddsidemargin=-22.26999pt
* \evensidemargin=-22.26999pt
* \topmargin=260.73001pt
* \headheight=12.0pt
* \headsep=25.0pt
* \topskip=10.0pt
* \footskip=30.0pt
* \marginparwidth=57.0pt
* \marginparsep=11.0pt
* \columnsep=10.0pt
* \skip\footins=9.0pt plus 4.0pt minus 2.0pt
* \hoffset=0.0pt
* \voffset=0.0pt
* \mag=1000
* \@twocolumnfalse
* \@twosidefalse
* \@mparswitchfalse
* \@reversemarginfalse
* (1in=72.27pt=25.4mm, 1cm=28.453pt)

 [29

]
Chapter 6.
<Results.jpg, id=524, 1371.1225pt x 770.88pt>
File: Results.jpg Graphic file (type jpg)
<use Results.jpg>
Package pdftex.def Info: Results.jpg  used on input line 717.
(pdftex.def)             Requested size: 479.90007pt x 269.81204pt.

Overfull \hbox (2.3922pt too wide) in paragraph at lines 717--718
 [][] 
 []

[30


 <./Results.jpg>]
<Result_2.jpg, id=532, 409.53pt x 229.85875pt>
File: Result_2.jpg Graphic file (type jpg)
<use Result_2.jpg>
Package pdftex.def Info: Result_2.jpg  used on input line 730.
(pdftex.def)             Requested size: 184.28679pt x 103.43547pt.
 [31 <./Result_2.jpg>]
<Smart_Checkware_Data_System.jpg, id=539, 1084.05pt x 2409.0pt>
File: Smart_Checkware_Data_System.jpg Graphic file (type jpg)
<use Smart_Checkware_Data_System.jpg>
Package pdftex.def Info: Smart_Checkware_Data_System.jpg  used on input line 74
2.
(pdftex.def)             Requested size: 162.60048pt x 361.33441pt.
 [32 <./Smart_Checkware_Data_System.jpg>]
*geometry* verbose mode - [ newgeometry ] result:
* driver: pdftex
* paper: a4paper
* layout: <same size as paper>
* layoutoffset:(h,v)=(0.0pt,0.0pt)
* modes: 
* h-part:(L,W,R)=(50.0pt, 497.50787pt, 50.0pt)
* v-part:(T,H,B)=(370.0pt, 415.04684pt, 60.0pt)
* \paperwidth=597.50787pt
* \paperheight=845.04684pt
* \textwidth=497.50787pt
* \textheight=415.04684pt
* \oddsidemargin=-22.26999pt
* \evensidemargin=-22.26999pt
* \topmargin=260.73001pt
* \headheight=12.0pt
* \headsep=25.0pt
* \topskip=10.0pt
* \footskip=30.0pt
* \marginparwidth=57.0pt
* \marginparsep=11.0pt
* \columnsep=10.0pt
* \skip\footins=9.0pt plus 4.0pt minus 2.0pt
* \hoffset=0.0pt
* \voffset=0.0pt
* \mag=1000
* \@twocolumnfalse
* \@twosidefalse
* \@mparswitchfalse
* \@reversemarginfalse
* (1in=72.27pt=25.4mm, 1cm=28.453pt)

 [33

]
Chapter 7.
[34


]
*geometry* verbose mode - [ newgeometry ] result:
* driver: pdftex
* paper: a4paper
* layout: <same size as paper>
* layoutoffset:(h,v)=(0.0pt,0.0pt)
* modes: 
* h-part:(L,W,R)=(50.0pt, 497.50787pt, 50.0pt)
* v-part:(T,H,B)=(370.0pt, 415.04684pt, 60.0pt)
* \paperwidth=597.50787pt
* \paperheight=845.04684pt
* \textwidth=497.50787pt
* \textheight=415.04684pt
* \oddsidemargin=-22.26999pt
* \evensidemargin=-22.26999pt
* \topmargin=260.73001pt
* \headheight=12.0pt
* \headsep=25.0pt
* \topskip=10.0pt
* \footskip=30.0pt
* \marginparwidth=57.0pt
* \marginparsep=11.0pt
* \columnsep=10.0pt
* \skip\footins=9.0pt plus 4.0pt minus 2.0pt
* \hoffset=0.0pt
* \voffset=0.0pt
* \mag=1000
* \@twocolumnfalse
* \@twosidefalse
* \@mparswitchfalse
* \@reversemarginfalse
* (1in=72.27pt=25.4mm, 1cm=28.453pt)

 [35

]
Chapter 8.
[36


]
Package atveryend Info: Empty hook `BeforeClearDocument' on input line 800.
 [37

]
Package atveryend Info: Empty hook `AfterLastShipout' on input line 800.
 (./report.aux)
Package atveryend Info: Executing hook `AtVeryEndDocument' on input line 800.
Package atveryend Info: Executing hook `AtEndAfterFileList' on input line 800.
Package rerunfilecheck Info: File `report.out' has not changed.
(rerunfilecheck)             Checksum: AAADA9BBDC5F37765A3BBDD98B290ED7;3174.
Package atveryend Info: Empty hook `AtVeryVeryEnd' on input line 800.
 ) 
Here is how much of TeX's memory you used:
 8392 strings out of 483140
 124099 string characters out of 5965151
 385808 words of memory out of 5000000
 23020 multiletter control sequences out of 15000+600000
 579192 words of font info for 59 fonts, out of 8000000 for 9000
 36 hyphenation exceptions out of 8191
 34i,13n,45p,969b,348s stack positions out of 5000i,500n,10000p,200000b,80000s
{/usr/share/texmf/fonts/enc/dvips/lm/lm-rm.enc}</usr/share/texmf/fonts/type1/
public/lm/lmbx10.pfb></usr/share/texmf/fonts/type1/public/lm/lmbx12.pfb></usr/s
hare/texmf/fonts/type1/public/lm/lmr10.pfb>
Output written on report.pdf (40 pages, 1445028 bytes).
PDF statistics:
 637 PDF objects out of 1000 (max. 8388607)
 556 compressed objects within 6 object streams
 185 named destinations out of 1000 (max. 500000)
 543 words of extra memory for PDF output out of 10000 (max. 10000000)

